<?xml version="1.0" encoding="UTF-8"?>
<!-- Generated by org.testng.reporters.JUnitReportReporter -->
<testsuite hostname="FFE-Bobbala-Venkata-Nagireddy" failures="0" tests="6" name="com.petStore.pets.PetsTest" time="9.685" errors="0" timestamp="2025-10-25T14:51:45 IST" skipped="0">
  <testcase classname="com.petStore.pets.PetsTest" name="deletePetById" time="1.267"/>
  <testcase classname="com.petStore.pets.PetsTest" name="updatePetByIdTest" time="1.264"/>
  <testcase classname="com.petStore.pets.PetsTest" name="findPetByStatusTest" time="1.599"/>
  <testcase classname="com.petStore.pets.PetsTest" name="createPetTest" time="2.990"/>
  <testcase classname="com.petStore.pets.PetsTest" name="getPetDetails" time="1.286"/>
  <testcase classname="com.petStore.pets.PetsTest" name="updateThePet" time="1.279"/>
</testsuite> <!-- com.petStore.pets.PetsTest -->
