<?xml version="1.0" encoding="UTF-8"?>
<!-- Generated by org.testng.reporters.JUnitReportReporter -->
<testsuite hostname="FFE-Bobbala-Venkata-Nagireddy" failures="0" tests="3" name="com.petStore.user.UserCRUDTest" time="14.177" errors="0" timestamp="2025-10-25T14:28:52 IST" skipped="0">
  <testcase classname="com.petStore.user.UserCRUDTest" name="createUser" time="11.629"/>
  <testcase classname="com.petStore.user.UserCRUDTest" name="login" time="1.283"/>
  <testcase classname="com.petStore.user.UserCRUDTest" name="logout" time="1.265"/>
</testsuite> <!-- com.petStore.user.UserCRUDTest -->
