<?xml version="1.0" encoding="UTF-8"?>
<!-- Generated by org.testng.reporters.JUnitReportReporter -->
<testsuite hostname="FFE-Bobbala-Venkata-Nagireddy" failures="0" tests="6" name="com.petStore.user.UserCRUDTest" time="14.962" errors="0" timestamp="2025-10-25T14:51:45 IST" skipped="0">
  <testcase classname="com.petStore.user.UserCRUDTest" name="createUser" time="5.584"/>
  <testcase classname="com.petStore.user.UserCRUDTest" name="updateUser" time="4.275"/>
  <testcase classname="com.petStore.user.UserCRUDTest" name="getUser" time="1.275"/>
  <testcase classname="com.petStore.user.UserCRUDTest" name="login" time="1.273"/>
  <testcase classname="com.petStore.user.UserCRUDTest" name="logout" time="1.262"/>
  <testcase classname="com.petStore.user.UserCRUDTest" name="deleteUser" time="1.293"/>
</testsuite> <!-- com.petStore.user.UserCRUDTest -->
