<?xml version="1.0" encoding="UTF-8"?>
<!-- Generated by org.testng.reporters.JUnitReportReporter -->
<testsuite hostname="FFE-Bobbala-Venkata-Nagireddy" failures="0" tests="4" name="com.petStore.user.UserCRUDTest" time="23.048" errors="0" timestamp="2025-10-25T13:59:32 IST" skipped="0">
  <testcase classname="com.petStore.user.UserCRUDTest" name="createUser" time="16.193"/>
  <testcase classname="com.petStore.user.UserCRUDTest" name="updateUser" time="4.280"/>
  <testcase classname="com.petStore.user.UserCRUDTest" name="getUser" time="1.282"/>
  <testcase classname="com.petStore.user.UserCRUDTest" name="deleteUser" time="1.293"/>
</testsuite> <!-- com.petStore.user.UserCRUDTest -->
