<?xml version="1.0" encoding="UTF-8"?>
<!-- Generated by org.testng.reporters.JUnitReportReporter -->
<testsuite hostname="FFE-Bandi-Saiteja" failures="0" tests="3" name="com.petStore.pets.PetsTest" time="5.273" errors="0" timestamp="2025-10-25T13:55:12 IST" skipped="0">
  <testcase classname="com.petStore.pets.PetsTest" name="createPetTest" time="2.972"/>
  <testcase classname="com.petStore.pets.PetsTest" name="updateThePet" time="1.133"/>
  <testcase classname="com.petStore.pets.PetsTest" name="getPetDetails" time="1.168"/>
</testsuite> <!-- com.petStore.pets.PetsTest -->
