<?xml version="1.0" encoding="UTF-8"?>
<!-- Generated by org.testng.reporters.JUnitReportReporter -->
<testsuite hostname="FFE-Bandi-Saiteja" failures="0" tests="2" name="com.petStore.pets.PetsTest" time="4.074" errors="0" timestamp="2025-10-25T12:31:54 IST" skipped="0">
  <testcase classname="com.petStore.pets.PetsTest" name="createPetTest" time="2.768"/>
  <testcase classname="com.petStore.pets.PetsTest" name="getPetDetails" time="1.306"/>
</testsuite> <!-- com.petStore.pets.PetsTest -->
