<?xml version="1.0" encoding="UTF-8"?>
<!-- Generated by org.testng.reporters.JUnitReportReporter -->
<testsuite hostname="FFE-Bandi-Saiteja" failures="0" tests="6" name="com.petStore.pets.PetsTest" time="8.981" errors="0" timestamp="2025-10-25T14:15:14 IST" skipped="0">
  <testcase classname="com.petStore.pets.PetsTest" name="deletePetById" time="1.126"/>
  <testcase classname="com.petStore.pets.PetsTest" name="getPetDetails" time="1.145"/>
  <testcase classname="com.petStore.pets.PetsTest" name="updatePetByIdTest" time="1.129"/>
  <testcase classname="com.petStore.pets.PetsTest" name="findPetByStatusTest" time="1.452"/>
  <testcase classname="com.petStore.pets.PetsTest" name="updateThePet" time="1.144"/>
  <testcase classname="com.petStore.pets.PetsTest" name="createPetTest" time="2.985"/>
</testsuite> <!-- com.petStore.pets.PetsTest -->
