<?xml version="1.0" encoding="UTF-8"?>
<!-- Generated by org.testng.reporters.JUnitReportReporter -->
<testsuite hostname="FFE-Bobbala-Venkata-Nagireddy" failures="0" tests="4" name="com.petStore.store.StoreOperations" time="6.397" errors="0" timestamp="2025-10-25T14:51:45 IST" skipped="0">
  <testcase classname="com.petStore.store.StoreOperations" name="deleteParchaseDetails" time="1.272"/>
  <testcase classname="com.petStore.store.StoreOperations" name="getParchaseDetails" time="1.267"/>
  <testcase classname="com.petStore.store.StoreOperations" name="getInventory" time="1.273"/>
  <testcase classname="com.petStore.store.StoreOperations" name="placeOrder" time="2.585"/>
</testsuite> <!-- com.petStore.store.StoreOperations -->
