<?xml version="1.0" encoding="UTF-8"?>
<!-- Generated by org.testng.reporters.JUnitReportReporter -->
<testsuite hostname="FFE-Uppala-Harshavardhan" failures="0" tests="2" name="com.petStore.store.StoreOperations" time="7.484" errors="0" timestamp="2025-10-25T14:24:04 IST" skipped="0">
  <testcase classname="com.petStore.store.StoreOperations" name="deleteParchaseDetails" time="1.361"/>
  <testcase classname="com.petStore.store.StoreOperations" name="placeOrder" time="6.123"/>
</testsuite> <!-- com.petStore.store.StoreOperations -->
