<?xml version="1.0" encoding="UTF-8"?>
<!-- Generated by org.testng.reporters.JUnitReportReporter -->
<testsuite hostname="FFE-Uppala-Harshavardhan" failures="0" tests="1" name="com.petStore.store.StoreOperations" time="3.413" errors="0" timestamp="2025-10-25T12:21:09 IST" skipped="0">
  <testcase classname="com.petStore.store.StoreOperations" name="getInventory" time="3.413"/>
</testsuite> <!-- com.petStore.store.StoreOperations -->
