<?xml version="1.0" encoding="UTF-8"?>
<!-- Generated by org.testng.reporters.JUnitReportReporter -->
<testsuite hostname="FFE-Bobbala-Venkata-Nagireddy" failures="0" tests="1" name="com.petStore.user.CreateUserTest" time="2.573" errors="0" timestamp="2025-10-25T12:03:28 IST" skipped="0">
  <testcase classname="com.petStore.user.CreateUserTest" name="createUser" time="2.573"/>
</testsuite> <!-- com.petStore.user.CreateUserTest -->
